<?xml version="1.0" encoding="UTF-8"?>
<!-- Generated by org.testng.reporters.JUnitReportReporter -->
<testsuite hostname="DESKTOP-ORN1KTG" failures="0" tests="1" name="com.testRunnersTestNG.TestNGTestRunner" time="163.177" errors="0" timestamp="2023-08-28T19:52:59 IST" skipped="0">
  <testcase classname="com.testRunnersTestNG.TestNGTestRunner" name="runScenario" time="163.177"/>
  <system-out/>
</testsuite> <!-- com.testRunnersTestNG.TestNGTestRunner -->
